{"level":"error","message":"[ERROR SENDING MESSAGE TO CUSTOMER] for 2"}
{"level":"error","message":"[ERROR SENDING MESSAGE TO CUSTOMER] for 2"}
{"level":"error","message":"[ERROR SENDING MESSAGE TO CUSTOMER] for 2 bulk message"}
{"level":"error","message":"[ERROR SENDING MESSAGE TO CUSTOMER] for 2 bulk message"}
{"level":"error","message":"[ERROR SENDING MESSAGE TO CUSTOMER] for 2 bulk message"}
{"level":"error","message":"[ERROR SENDING MESSAGE TO CUSTOMER] for 2 bulk message"}
{"level":"error","message":"[ERROR SENDING MESSAGE TO CUSTOMER] for 2 bulk message"}
{"level":"error","message":"[ERROR SENDING MESSAGE TO CUSTOMER] for 2 bulk message"}
{"level":"error","message":"[ERROR SENDING MESSAGE TO CUSTOMER] for 2 bulk message"}
{"level":"error","message":"[ERROR SENDING MESSAGE TO CUSTOMER] for 2 bulk message"}
{"level":"error","message":"[ERROR SENDING MESSAGE TO CUSTOMER] for 2 bulk message"}
{"level":"error","message":"[ERROR SENDING MESSAGE TO CUSTOMER] for 2 bulk message"}
{"level":"error","message":"[ERROR SENDING MESSAGE TO CUSTOMER] for 2 bulk message"}
{"level":"error","message":"[ERROR SENDING MESSAGE TO CUSTOMER] for 2 bulk message"}
{"level":"error","message":"[ERROR SENDING MESSAGE TO CUSTOMER] for 2"}
{"level":"error","message":"[ERROR SENDING MESSAGE TO CUSTOMER] for 2"}
{"level":"error","message":"[ERROR SENDING MESSAGE TO CUSTOMER] for 2 bulk message"}
{"level":"error","message":"[ERROR SENDING MESSAGE TO CUSTOMER] for 2 bulk message"}
{"level":"error","message":"[ERROR SENDING MESSAGE TO CUSTOMER] for 2 bulk message"}
{"level":"error","message":"[ERROR SENDING MESSAGE TO CUSTOMER] for 2 bulk message"}
{"level":"error","message":"[ERROR SENDING MESSAGE TO CUSTOMER] for 2 bulk message"}
{"level":"error","message":"[ERROR SENDING MESSAGE TO CUSTOMER] for 2 bulk message"}
{"level":"error","message":"[ERROR SENDING MESSAGE TO CUSTOMER] for 2 bulk message"}
{"level":"error","message":"[ERROR SENDING MESSAGE TO CUSTOMER] for 2 bulk message"}
{"level":"error","message":"[ERROR SENDING MESSAGE TO CUSTOMER] for 2 bulk message"}
{"level":"error","message":"[ERROR SENDING MESSAGE TO CUSTOMER] for 2 bulk message"}
{"level":"error","message":"[ERROR SENDING MESSAGE TO CUSTOMER] for 2 bulk message"}
{"level":"error","message":"[ERROR SENDING MESSAGE TO CUSTOMER] for 2 bulk message"}
{"level":"error","message":"[ERROR SENDING MESSAGE TO CUSTOMER] for 2 bulk message"}
{"level":"error","message":"[ERROR SENDING MESSAGE TO CUSTOMER] for 2 bulk message"}
{"level":"error","message":"[ERROR SENDING MESSAGE TO CUSTOMER] for 2 bulk message"}
{"level":"error","message":"[ERROR SENDING MESSAGE TO CUSTOMER] for 2 bulk message"}
{"level":"error","message":"[ERROR SENDING MESSAGE TO CUSTOMER] for 2 bulk message"}
{"level":"error","message":"[ERROR SENDING MESSAGE TO CUSTOMER] for 2 bulk message"}
{"level":"error","message":"[ERROR SENDING MESSAGE TO CUSTOMER] for 2 bulk message"}
{"level":"error","message":"[ERROR SENDING MESSAGE TO CUSTOMER] for 2 bulk message"}
{"level":"error","message":"[ERROR SENDING MESSAGE TO CUSTOMER] for 2 bulk message"}
{"level":"error","message":"[ERROR SENDING MESSAGE TO CUSTOMER] for 2 bulk message"}
{"level":"error","message":"[ERROR SENDING MESSAGE TO CUSTOMER] for 2 bulk message"}
{"level":"error","message":"[ERROR SENDING MESSAGE TO CUSTOMER] for 2 bulk message"}
{"level":"error","message":"[ERROR SENDING MESSAGE TO CUSTOMER] for 2 bulk message"}
{"level":"error","message":"[ERROR SENDING MESSAGE TO CUSTOMER] for 2 bulk message"}
{"level":"error","message":"[ERROR SENDING MESSAGE TO CUSTOMER] for 2 bulk message"}
{"level":"error","message":"[ERROR SENDING MESSAGE TO CUSTOMER] for 2 bulk message"}
{"level":"error","message":"[ERROR SENDING MESSAGE TO CUSTOMER] for 2 bulk message"}
{"level":"error","message":"[ERROR SENDING MESSAGE TO CUSTOMER] for 2 bulk message"}
{"level":"error","message":"[ERROR SENDING MESSAGE TO CUSTOMER] for 2 bulk message"}
{"level":"error","message":"[ERROR SENDING MESSAGE TO CUSTOMER] for 2 bulk message"}
{"level":"error","message":"[ERROR SENDING MESSAGE TO CUSTOMER] for 2 bulk message"}
{"level":"error","message":"[ERROR SENDING MESSAGE TO CUSTOMER] for 2 bulk message"}
{"level":"error","message":"[ERROR SENDING MESSAGE TO CUSTOMER] for 2 bulk message"}
{"level":"error","message":"[ERROR SENDING MESSAGE TO CUSTOMER] for 2 bulk message"}
{"level":"error","message":"[ERROR SENDING MESSAGE TO CUSTOMER] for 2 bulk message"}
{"level":"error","message":"[ERROR SENDING MESSAGE TO CUSTOMER] for 2 bulk message"}
{"level":"error","message":"[ERROR SENDING MESSAGE TO CUSTOMER] for 2 bulk message"}
{"level":"error","message":"[ERROR SENDING MESSAGE TO CUSTOMER] for 2 bulk message"}
{"level":"error","message":"[ERROR SENDING MESSAGE TO CUSTOMER] for 2 bulk message"}
{"level":"error","message":"[ERROR SENDING MESSAGE TO CUSTOMER] for 2"}
{"level":"error","message":"[ERROR SENDING MESSAGE TO CUSTOMER] for 2 bulk message"}
{"level":"error","message":"[ERROR SENDING MESSAGE TO CUSTOMER] for 2 bulk message"}
{"level":"error","message":"[ERROR SENDING MESSAGE TO CUSTOMER] for 2 bulk message"}
{"level":"error","message":"[ERROR SENDING MESSAGE TO CUSTOMER] for 2 bulk message"}
{"level":"error","message":"[ERROR SENDING MESSAGE TO CUSTOMER] for 2 bulk message"}
{"level":"error","message":"[ERROR SENDING MESSAGE TO CUSTOMER] for 2 bulk message"}
{"level":"error","message":"[ERROR SENDING MESSAGE TO CUSTOMER] for 2 bulk message"}
{"level":"error","message":"[ERROR SENDING MESSAGE TO CUSTOMER] for 2 bulk message"}
{"level":"error","message":"[ERROR SENDING MESSAGE TO CUSTOMER] for 2 bulk message"}
{"level":"error","message":"[ERROR SENDING MESSAGE TO CUSTOMER] for 2 bulk message"}
{"level":"error","message":"[ERROR SENDING MESSAGE TO CUSTOMER] for 2 bulk message"}
{"level":"error","message":"[ERROR SENDING MESSAGE TO CUSTOMER] for 2 bulk message"}
{"level":"error","message":"[ERROR SENDING MESSAGE TO CUSTOMER] for 2 bulk message"}
{"level":"error","message":"[ERROR SENDING MESSAGE TO CUSTOMER] for 2 bulk message"}
{"level":"error","message":"[ERROR SENDING MESSAGE TO CUSTOMER] for 2 bulk message"}
{"level":"error","message":"[ERROR SENDING MESSAGE TO CUSTOMER] for 2 bulk message"}
{"level":"error","message":"[ERROR SENDING MESSAGE TO CUSTOMER] for 2 bulk message"}
{"level":"error","message":"[ERROR SENDING MESSAGE TO CUSTOMER] for 2 bulk message"}
{"level":"error","message":"[ERROR SENDING MESSAGE TO CUSTOMER] for 2 bulk message"}
{"level":"error","message":"[ERROR SENDING MESSAGE TO CUSTOMER] for 2 bulk message"}
{"level":"error","message":"[ERROR SENDING MESSAGE TO CUSTOMER] for 2 bulk message"}
{"level":"error","message":"[ERROR SENDING MESSAGE TO CUSTOMER] for 2 bulk message"}
{"level":"error","message":"[ERROR SENDING MESSAGE TO CUSTOMER] for 2 bulk message"}
{"level":"error","message":"[ERROR SENDING MESSAGE TO CUSTOMER] for 2 bulk message"}
{"level":"error","message":"[ERROR SENDING MESSAGE TO CUSTOMER] for 2 bulk message"}
{"level":"error","message":"[ERROR SENDING MESSAGE TO CUSTOMER] for 2 bulk message"}
{"level":"error","message":"[ERROR SENDING MESSAGE TO CUSTOMER] for 2 bulk message"}
{"level":"error","message":"[ERROR SENDING MESSAGE TO CUSTOMER] for 2 bulk message"}
{"level":"error","message":"[ERROR SENDING MESSAGE TO CUSTOMER] for 2"}
{"level":"error","message":"[ERROR SENDING MESSAGE TO CUSTOMER] for 2"}
{"level":"error","message":"[ERROR SENDING MESSAGE TO CUSTOMER] for 2"}
{"level":"error","message":"ERROR CREATING OR GETTING CHAT FOR MERCHANT, Wed Jan 10 2024"}
{"level":"error","message":"[ERROR SENDING MESSAGE TO CUSTOMER] for 2"}
{"level":"error","message":"update store for 2 failed 11/01/2024"}
{"level":"error","message":"update orderItesm for 2 failed 11/01/2024"}
{"level":"error","message":"[ERROR SENDING MESSAGE TO CUSTOMER] for 2"}
{"level":"error","message":"[ERROR SENDING MESSAGE TO CUSTOMER] for 2"}
{"level":"error","message":"[ERROR SENDING MESSAGE TO CUSTOMER] for 2"}
{"level":"error","message":"[ERROR SENDING MESSAGE TO CUSTOMER] for 2"}
{"level":"error","message":"[ERROR SENDING MESSAGE TO CUSTOMER] for 2"}
{"level":"error","message":"[ERROR SENDING MESSAGE TO CUSTOMER] for 2"}
{"level":"error","message":"[ERROR SENDING MESSAGE TO CUSTOMER] for 2"}
{"level":"error","message":"[ERROR SENDING MESSAGE TO CUSTOMER] for 2 bulk message"}
{"level":"error","message":"[ERROR SENDING MESSAGE TO CUSTOMER] for 2 bulk message"}
{"level":"error","message":"[ERROR SENDING MESSAGE TO CUSTOMER] for 2 bulk message"}
{"level":"error","message":"[ERROR SENDING MESSAGE TO CUSTOMER] for 2 bulk message"}
{"level":"error","message":"[ERROR SENDING MESSAGE TO CUSTOMER] for 2 bulk message"}
{"level":"error","message":"[ERROR SENDING MESSAGE TO CUSTOMER] for 2 bulk message"}
{"level":"error","message":"[ERROR SENDING MESSAGE TO CUSTOMER] for 2 bulk message"}
{"level":"error","message":"[ERROR SENDING MESSAGE TO CUSTOMER] for 2 bulk message"}
{"level":"error","message":"[ERROR SENDING MESSAGE TO CUSTOMER] for 2 bulk message"}
{"level":"error","message":"[ERROR SENDING MESSAGE TO CUSTOMER] for 2 bulk message"}
{"level":"error","message":"[ERROR SENDING MESSAGE TO CUSTOMER] for 2 bulk message"}
{"level":"error","message":"[ERROR SENDING MESSAGE TO CUSTOMER] for 2 bulk message"}
{"level":"error","message":"[ERROR SENDING MESSAGE TO CUSTOMER] for 2 bulk message"}
{"level":"error","message":"[ERROR SENDING MESSAGE TO CUSTOMER] for 2 bulk message"}
{"level":"error","message":"[ERROR CREATING AD FOR MERCHANT], 2"}
{"level":"error","message":"[ERROR CREATING AD FOR MERCHANT], 2"}
{"level":"error","message":"[ERROR CREATING AD FOR MERCHANT], 2"}
