{"level":"error","message":"[ERROR SENDING MESSAGE TO CUSTOMER] for 2 bulk message"}
{"level":"error","message":"[ERROR SENDING MESSAGE TO CUSTOMER] for 2 bulk message"}
{"level":"error","message":"[ERROR SENDING MESSAGE TO CUSTOMER] for 2 bulk message"}
{"level":"error","message":"[ERROR SENDING MESSAGE TO CUSTOMER] for 2 bulk message"}
{"level":"error","message":"[ERROR SENDING MESSAGE TO CUSTOMER] for 2 bulk message"}
{"level":"error","message":"[ERROR SENDING MESSAGE TO CUSTOMER] for 2 bulk message"}
{"level":"error","message":"[ERROR SENDING MESSAGE TO CUSTOMER] for 2 bulk message"}
{"level":"error","message":"[ERROR SENDING MESSAGE TO CUSTOMER] for 2 bulk message"}
{"level":"error","message":"[ERROR SENDING MESSAGE TO CUSTOMER] for 2 bulk message"}
{"level":"error","message":"[ERROR SENDING MESSAGE TO CUSTOMER] for 2 bulk message"}
{"level":"error","message":"[ERROR SENDING MESSAGE TO CUSTOMER] for 2 bulk message"}
{"level":"error","message":"[ERROR SENDING MESSAGE TO CUSTOMER] for 2 bulk message"}
{"level":"error","message":"[ERROR SENDING MESSAGE TO CUSTOMER] for 2 bulk message"}
{"level":"error","message":"[ERROR SENDING MESSAGE TO CUSTOMER] for 2 bulk message"}
{"level":"error","message":"[ERROR SENDING MESSAGE TO CUSTOMER] for 2 bulk message"}
{"level":"error","message":"[ERROR SENDING MESSAGE TO CUSTOMER] for 2 bulk message"}
{"level":"error","message":"[ERROR SENDING MESSAGE TO CUSTOMER] for 2 bulk message"}
{"level":"error","message":"[ERROR SENDING MESSAGE TO CUSTOMER] for 2 bulk message"}
{"level":"error","message":"[ERROR SENDING MESSAGE TO CUSTOMER] for 2 bulk message"}
{"level":"error","message":"[ERROR SENDING MESSAGE TO CUSTOMER] for 2 bulk message"}
{"level":"error","message":"[ERROR SENDING MESSAGE TO CUSTOMER] for 2 bulk message"}
{"level":"error","message":"[ERROR SENDING MESSAGE TO CUSTOMER] for 2 bulk message"}
{"level":"error","message":"[ERROR SENDING MESSAGE TO CUSTOMER] for 2 bulk message"}
{"level":"error","message":"[ERROR SENDING MESSAGE TO CUSTOMER] for 2 bulk message"}
{"level":"error","message":"[ERROR SENDING MESSAGE TO CUSTOMER] for 2 bulk message"}
{"level":"error","message":"[ERROR SENDING MESSAGE TO CUSTOMER] for 2 bulk message"}
{"level":"error","message":"[ERROR SENDING MESSAGE TO CUSTOMER] for 2 bulk message"}
{"level":"error","message":"[ERROR SENDING MESSAGE TO CUSTOMER] for 2 bulk message"}
{"level":"error","message":"[ERROR SENDING MESSAGE TO CUSTOMER] for 2 bulk message"}
{"level":"error","message":"[ERROR SENDING MESSAGE TO CUSTOMER] for 2 bulk message"}
{"level":"error","message":"[ERROR SENDING MESSAGE TO CUSTOMER] for 2 bulk message"}
{"level":"error","message":"[ERROR SENDING MESSAGE TO CUSTOMER] for 2 bulk message"}
{"level":"error","message":"[ERROR SENDING MESSAGE TO CUSTOMER] for 2 bulk message"}
{"level":"error","message":"[ERROR SENDING MESSAGE TO CUSTOMER] for 2 bulk message"}
{"level":"error","message":"[ERROR SENDING MESSAGE TO CUSTOMER] for 2 bulk message"}
{"level":"error","message":"[ERROR SENDING MESSAGE TO CUSTOMER] for 2 bulk message"}
{"level":"error","message":"[ERROR SENDING MESSAGE TO CUSTOMER] for 2 bulk message"}
{"level":"error","message":"[ERROR SENDING MESSAGE TO CUSTOMER] for 2 bulk message"}
{"level":"error","message":"[ERROR SENDING MESSAGE TO CUSTOMER] for 2 bulk message"}
{"level":"error","message":"[ERROR SENDING MESSAGE TO CUSTOMER] for 2 bulk message"}
{"level":"error","message":"[ERROR SENDING MESSAGE TO CUSTOMER] for 2 bulk message"}
{"level":"error","message":"[ERROR SENDING MESSAGE TO CUSTOMER] for 2 bulk message"}
{"level":"error","message":"[ERROR SENDING MESSAGE TO CUSTOMER] for 2 bulk message"}
{"level":"error","message":"[ERROR SENDING MESSAGE TO CUSTOMER] for 2 bulk message"}
{"level":"error","message":"[ERROR SENDING MESSAGE TO CUSTOMER] for 2 bulk message"}
{"level":"error","message":"[ERROR SENDING MESSAGE TO CUSTOMER] for 2 bulk message"}
{"level":"error","message":"[ERROR SENDING MESSAGE TO CUSTOMER] for 2 bulk message"}
{"level":"error","message":"[ERROR SENDING MESSAGE TO CUSTOMER] for 2 bulk message"}
{"level":"error","message":"[ERROR SENDING MESSAGE TO CUSTOMER] for 2 bulk message"}
{"level":"error","message":"[ERROR SENDING MESSAGE TO CUSTOMER] for 2 bulk message"}
{"level":"error","message":"[ERROR SENDING MESSAGE TO CUSTOMER] for 2 bulk message"}
{"level":"error","message":"[ERROR SENDING MESSAGE TO CUSTOMER] for 2 bulk message"}
{"level":"error","message":"[ERROR SENDING MESSAGE TO CUSTOMER] for 2 bulk message"}
{"level":"error","message":"[ERROR SENDING MESSAGE TO CUSTOMER] for 2 bulk message"}
{"level":"error","message":"[ERROR SENDING MESSAGE TO CUSTOMER] for 2 bulk message"}
{"level":"error","message":"[ERROR SENDING MESSAGE TO CUSTOMER] for 2 bulk message"}
{"level":"error","message":"[ERROR SENDING MESSAGE TO CUSTOMER] for 2 bulk message"}
{"level":"error","message":"[ERROR SENDING MESSAGE TO CUSTOMER] for 2 bulk message"}
{"level":"error","message":"[ERROR SENDING MESSAGE TO CUSTOMER] for 2 bulk message"}
{"level":"error","message":"[ERROR SENDING MESSAGE TO CUSTOMER] for 2 bulk message"}
{"level":"error","message":"[ERROR SENDING MESSAGE TO CUSTOMER] for 2 bulk message"}
{"level":"error","message":"[ERROR SENDING MESSAGE TO CUSTOMER] for 2 bulk message"}
{"level":"error","message":"[ERROR SENDING MESSAGE TO CUSTOMER] for 2 bulk message"}
{"level":"error","message":"[ERROR SENDING MESSAGE TO CUSTOMER] for 2 bulk message"}
{"level":"error","message":"[ERROR SENDING MESSAGE TO CUSTOMER] for 2 bulk message"}
{"level":"error","message":"[ERROR SENDING MESSAGE TO CUSTOMER] for 2 bulk message"}
{"level":"error","message":"[ERROR SENDING MESSAGE TO CUSTOMER] for 2 bulk message"}
{"level":"error","message":"[ERROR SENDING MESSAGE TO CUSTOMER] for 2 bulk message"}
{"level":"error","message":"[ERROR SENDING MESSAGE TO CUSTOMER] for 2 bulk message"}
{"level":"error","message":"[ERROR SENDING MESSAGE TO CUSTOMER] for 2 bulk message"}
{"level":"error","message":"[ERROR SENDING MESSAGE TO CUSTOMER] for 2 bulk message"}
{"level":"error","message":"[ERROR SENDING MESSAGE TO CUSTOMER] for 2 bulk message"}
{"level":"error","message":"[ERROR SENDING MESSAGE TO CUSTOMER] for 2 bulk message"}
{"level":"error","message":"[ERROR SENDING MESSAGE TO CUSTOMER] for 2 bulk message"}
{"level":"error","message":"[ERROR SENDING MESSAGE TO CUSTOMER] for 2 bulk message"}
{"level":"error","message":"[ERROR SENDING MESSAGE TO CUSTOMER] for 2 bulk message"}
{"level":"error","message":"[ERROR SENDING MESSAGE TO CUSTOMER] for 2 bulk message"}
{"level":"error","message":"[ERROR SENDING MESSAGE TO CUSTOMER] for 2 bulk message"}
{"level":"error","message":"[ERROR SENDING MESSAGE TO CUSTOMER] for 2 bulk message"}
{"level":"error","message":"[ERROR SENDING MESSAGE TO CUSTOMER] for 2 bulk message"}
{"level":"error","message":"[ERROR SENDING MESSAGE TO CUSTOMER] for 2 bulk message"}
{"level":"error","message":"[ERROR SENDING MESSAGE TO CUSTOMER] for 2 bulk message"}
{"level":"error","message":"[ERROR SENDING MESSAGE TO CUSTOMER] for 2 bulk message"}
{"level":"error","message":"[ERROR SENDING MESSAGE TO CUSTOMER] for 2 bulk message"}
{"level":"error","message":"[ERROR SENDING MESSAGE TO CUSTOMER] for 2 bulk message"}
{"level":"error","message":"[ERROR SENDING MESSAGE TO CUSTOMER] for 2 bulk message"}
{"level":"error","message":"[ERROR SENDING MESSAGE TO CUSTOMER] for 2 bulk message"}
{"level":"error","message":"[ERROR SENDING MESSAGE TO CUSTOMER] for 2 bulk message"}
{"level":"error","message":"[ERROR SENDING MESSAGE TO CUSTOMER] for 2 bulk message"}
{"level":"error","message":"[ERROR SENDING MESSAGE TO CUSTOMER] for 2 bulk message"}
{"level":"error","message":"[ERROR SENDING MESSAGE TO CUSTOMER] for 2 bulk message"}
{"level":"error","message":"[ERROR SENDING MESSAGE TO CUSTOMER] for 2 bulk message"}
{"level":"error","message":"[ERROR SENDING MESSAGE TO CUSTOMER] for 2 bulk message"}
{"level":"error","message":"[ERROR SENDING MESSAGE TO CUSTOMER] for 2 bulk message"}
{"level":"error","message":"[ERROR SENDING MESSAGE TO CUSTOMER] for 2 bulk message"}
{"level":"error","message":"[ERROR SENDING MESSAGE TO CUSTOMER] for 2 bulk message"}
{"level":"error","message":"[ERROR SENDING MESSAGE TO CUSTOMER] for 2 bulk message"}
{"level":"error","message":"[ERROR SENDING MESSAGE TO CUSTOMER] for 2 bulk message"}
{"level":"error","message":"[ERROR SENDING MESSAGE TO CUSTOMER] for 2 bulk message"}
{"level":"error","message":"[ERROR SENDING MESSAGE TO CUSTOMER] for 2 bulk message"}
{"level":"error","message":"[ERROR SENDING MESSAGE TO CUSTOMER] for 2 bulk message"}
{"level":"error","message":"[ERROR SENDING MESSAGE TO CUSTOMER] for 2 bulk message"}
{"level":"error","message":"[ERROR SENDING MESSAGE TO CUSTOMER] for 2 bulk message"}
{"level":"error","message":"[ERROR SENDING MESSAGE TO CUSTOMER] for 2 bulk message"}
{"level":"error","message":"[ERROR SENDING MESSAGE TO CUSTOMER] for 2 bulk message"}
{"level":"error","message":"[ERROR SENDING MESSAGE TO CUSTOMER] for 2 bulk message"}
{"level":"error","message":"[ERROR SENDING MESSAGE TO CUSTOMER] for 2 bulk message"}
{"level":"error","message":"[ERROR SENDING MESSAGE TO CUSTOMER] for 2 bulk message"}
{"level":"error","message":"[ERROR SENDING MESSAGE TO CUSTOMER] for 2 bulk message"}
{"level":"error","message":"[ERROR SENDING MESSAGE TO CUSTOMER] for 2 bulk message"}
{"level":"error","message":"[ERROR SENDING MESSAGE TO CUSTOMER] for 2 bulk message"}
{"level":"error","message":"[ERROR SENDING MESSAGE TO CUSTOMER] for 2 bulk message"}
{"level":"error","message":"[ERROR SENDING MESSAGE TO CUSTOMER] for 2 bulk message"}
{"level":"error","message":"[ERROR SENDING MESSAGE TO CUSTOMER] for 2 bulk message"}
{"level":"error","message":"[ERROR SENDING MESSAGE TO CUSTOMER] for 2 bulk message"}
{"level":"error","message":"[ERROR SENDING MESSAGE TO CUSTOMER] for 2 bulk message"}
{"level":"error","message":"[ERROR SENDING MESSAGE TO CUSTOMER] for 2 bulk message"}
{"level":"error","message":"[ERROR SENDING MESSAGE TO CUSTOMER] for 2 bulk message"}
{"level":"error","message":"[ERROR SENDING MESSAGE TO CUSTOMER] for 2 bulk message"}
{"level":"error","message":"[ERROR SENDING MESSAGE TO CUSTOMER] for 2 bulk message"}
{"level":"error","message":"[ERROR SENDING MESSAGE TO CUSTOMER] for 2 bulk message"}
{"level":"error","message":"[ERROR SENDING MESSAGE TO CUSTOMER] for 2 bulk message"}
{"level":"error","message":"[ERROR SENDING MESSAGE TO CUSTOMER] for 2 bulk message"}
{"level":"error","message":"[ERROR SENDING MESSAGE TO CUSTOMER] for 2 bulk message"}
{"level":"error","message":"[ERROR SENDING MESSAGE TO CUSTOMER] for 2 bulk message"}
{"level":"error","message":"[ERROR SENDING MESSAGE TO CUSTOMER] for 2 bulk message"}
{"level":"error","message":"[ERROR SENDING MESSAGE TO CUSTOMER] for 2 bulk message"}
{"level":"error","message":"[ERROR SENDING MESSAGE TO CUSTOMER] for 2 bulk message"}
{"level":"error","message":"[ERROR SENDING MESSAGE TO CUSTOMER] for 2 bulk message"}
{"level":"error","message":"[ERROR SENDING MESSAGE TO CUSTOMER] for 2 bulk message"}
{"level":"error","message":"[ERROR SENDING MESSAGE TO CUSTOMER] for 2 bulk message"}
{"level":"error","message":"[ERROR SENDING MESSAGE TO CUSTOMER] for 2 bulk message"}
{"level":"error","message":"[ERROR SENDING MESSAGE TO CUSTOMER] for 2 bulk message"}
{"level":"error","message":"[ERROR SENDING MESSAGE TO CUSTOMER] for 2 bulk message"}
{"level":"error","message":"[ERROR SENDING MESSAGE TO CUSTOMER] for 2 bulk message"}
{"level":"error","message":"[ERROR SENDING MESSAGE TO CUSTOMER] for 2 bulk message"}
{"level":"error","message":"[ERROR SENDING MESSAGE TO CUSTOMER] for 2 bulk message"}
{"level":"error","message":"[ERROR SENDING MESSAGE TO CUSTOMER] for 2 bulk message"}
{"level":"error","message":"[ERROR SENDING MESSAGE TO CUSTOMER] for 2 bulk message"}
{"level":"error","message":"[ERROR SENDING MESSAGE TO CUSTOMER] for 2 bulk message"}
{"level":"error","message":"[ERROR SENDING MESSAGE TO CUSTOMER] for 2 bulk message"}
{"level":"error","message":"[ERROR SENDING MESSAGE TO CUSTOMER] for 2 bulk message"}
{"level":"error","message":"[ERROR SENDING MESSAGE TO CUSTOMER] for 2 bulk message"}
{"level":"error","message":"[ERROR SENDING MESSAGE TO CUSTOMER] for 2 bulk message"}
{"level":"error","message":"[ERROR SENDING MESSAGE TO CUSTOMER] for 2 bulk message"}
{"level":"error","message":"[ERROR SENDING MESSAGE TO CUSTOMER] for 2 bulk message"}
{"level":"error","message":"[ERROR SENDING MESSAGE TO CUSTOMER] for 2 bulk message"}
{"level":"error","message":"[ERROR SENDING MESSAGE TO CUSTOMER] for 2 bulk message"}
{"level":"error","message":"[ERROR SENDING MESSAGE TO CUSTOMER] for 2 bulk message"}
{"level":"error","message":"[ERROR SENDING MESSAGE TO CUSTOMER] for 2 bulk message"}
{"level":"error","message":"[ERROR SENDING MESSAGE TO CUSTOMER] for 2 bulk message"}
{"level":"error","message":"[ERROR SENDING MESSAGE TO CUSTOMER] for 2 bulk message"}
{"level":"error","message":"[ERROR SENDING MESSAGE TO CUSTOMER] for 2 bulk message"}
{"level":"error","message":"[ERROR SENDING MESSAGE TO CUSTOMER] for 2 bulk message"}
{"level":"error","message":"[ERROR SENDING MESSAGE TO CUSTOMER] for 2 bulk message"}
{"level":"error","message":"[ERROR SENDING MESSAGE TO CUSTOMER] for 2 bulk message"}
{"level":"error","message":"[ERROR SENDING MESSAGE TO CUSTOMER] for 2 bulk message"}
{"level":"error","message":"[ERROR SENDING MESSAGE TO CUSTOMER] for 2 bulk message"}
{"level":"error","message":"[ERROR SENDING MESSAGE TO CUSTOMER] for 2 bulk message"}
{"level":"error","message":"[ERROR SENDING MESSAGE TO CUSTOMER] for 2 bulk message"}
{"level":"error","message":"[ERROR SENDING MESSAGE TO CUSTOMER] for 2 bulk message"}
{"level":"error","message":"[ERROR SENDING MESSAGE TO CUSTOMER] for 2 bulk message"}
{"level":"error","message":"[ERROR SENDING MESSAGE TO CUSTOMER] for 2 bulk message"}
{"level":"error","message":"[ERROR SENDING MESSAGE TO CUSTOMER] for 2 bulk message"}
{"level":"error","message":"[ERROR SENDING MESSAGE TO CUSTOMER] for 2 bulk message"}
{"level":"error","message":"[ERROR SENDING MESSAGE TO CUSTOMER] for 2 bulk message"}
{"level":"error","message":"[ERROR SENDING MESSAGE TO CUSTOMER] for 2 bulk message"}
{"level":"error","message":"[ERROR SENDING MESSAGE TO CUSTOMER] for 2 bulk message"}
{"level":"error","message":"[ERROR SENDING MESSAGE TO CUSTOMER] for 2 bulk message"}
{"level":"error","message":"[ERROR SENDING MESSAGE TO CUSTOMER] for 2 bulk message"}
{"level":"error","message":"[ERROR SENDING MESSAGE TO CUSTOMER] for 2 bulk message"}
{"level":"error","message":"[ERROR SENDING MESSAGE TO CUSTOMER] for 2 bulk message"}
{"level":"error","message":"[ERROR SENDING MESSAGE TO CUSTOMER] for 2 bulk message"}
{"level":"error","message":"[ERROR SENDING MESSAGE TO CUSTOMER] for 2 bulk message"}
{"level":"error","message":"[ERROR SENDING MESSAGE TO CUSTOMER] for 2 bulk message"}
{"level":"error","message":"[ERROR SENDING MESSAGE TO CUSTOMER] for 2 bulk message"}
{"level":"error","message":"[ERROR SENDING MESSAGE TO CUSTOMER] for 2 bulk message"}
{"level":"error","message":"[ERROR SENDING MESSAGE TO CUSTOMER] for 2 bulk message"}
{"level":"error","message":"[ERROR SENDING MESSAGE TO CUSTOMER] for 2 bulk message"}
{"level":"error","message":"[ERROR SENDING MESSAGE TO CUSTOMER] for 2 bulk message"}
{"level":"error","message":"[ERROR SENDING MESSAGE TO CUSTOMER] for 2 bulk message"}
{"level":"error","message":"[ERROR SENDING MESSAGE TO CUSTOMER] for 2 bulk message"}
{"level":"error","message":"[ERROR SENDING MESSAGE TO CUSTOMER] for 2 bulk message"}
{"level":"error","message":"[ERROR SENDING MESSAGE TO CUSTOMER] for 2 bulk message"}
{"level":"error","message":"[ERROR SENDING MESSAGE TO CUSTOMER] for 2 bulk message"}
{"level":"error","message":"[ERROR SENDING MESSAGE TO CUSTOMER] for 2 bulk message"}
{"level":"error","message":"[ERROR SENDING MESSAGE TO CUSTOMER] for 2 bulk message"}
{"level":"error","message":"[ERROR SENDING MESSAGE TO CUSTOMER] for 2 bulk message"}
{"level":"error","message":"[ERROR SENDING MESSAGE TO CUSTOMER] for 2 bulk message"}
{"level":"error","message":"[ERROR SENDING MESSAGE TO CUSTOMER] for 2 bulk message"}
{"level":"error","message":"[ERROR SENDING MESSAGE TO CUSTOMER] for 2 bulk message"}
{"level":"error","message":"[ERROR SENDING MESSAGE TO CUSTOMER] for 2 bulk message"}
{"level":"error","message":"[ERROR SENDING MESSAGE TO CUSTOMER] for 2 bulk message"}
{"level":"error","message":"[ERROR SENDING MESSAGE TO CUSTOMER] for 2 bulk message"}
{"level":"error","message":"[ERROR SENDING MESSAGE TO CUSTOMER] for 2 bulk message"}
{"level":"error","message":"[ERROR SENDING MESSAGE TO CUSTOMER] for 2 bulk message"}
{"level":"error","message":"[ERROR SENDING MESSAGE TO CUSTOMER] for 2 bulk message"}
{"level":"error","message":"[ERROR SENDING MESSAGE TO CUSTOMER] for 2 bulk message"}
{"level":"error","message":"[ERROR SENDING MESSAGE TO CUSTOMER] for 2 bulk message"}
{"level":"error","message":"[ERROR SENDING MESSAGE TO CUSTOMER] for 2 bulk message"}
{"level":"error","message":"[ERROR SENDING MESSAGE TO CUSTOMER] for 2 bulk message"}
{"level":"error","message":"[ERROR SENDING MESSAGE TO CUSTOMER] for 2 bulk message"}
{"level":"error","message":"[ERROR SENDING MESSAGE TO CUSTOMER] for 2 bulk message"}
{"level":"error","message":"[ERROR SENDING MESSAGE TO CUSTOMER] for 2 bulk message"}
{"level":"error","message":"[ERROR SENDING MESSAGE TO CUSTOMER] for 2 bulk message"}
{"level":"error","message":"[ERROR SENDING MESSAGE TO CUSTOMER] for 2 bulk message"}
{"level":"error","message":"[ERROR SENDING MESSAGE TO CUSTOMER] for 2 bulk message"}
{"level":"error","message":"[ERROR SENDING MESSAGE TO CUSTOMER] for 2 bulk message"}
{"level":"error","message":"[ERROR SENDING MESSAGE TO CUSTOMER] for 2 bulk message"}
{"level":"error","message":"[ERROR SENDING MESSAGE TO CUSTOMER] for 2 bulk message"}
{"level":"error","message":"[ERROR SENDING MESSAGE TO CUSTOMER] for 2 bulk message"}
{"level":"error","message":"[ERROR SENDING MESSAGE TO CUSTOMER] for 2 bulk message"}
{"level":"error","message":"[ERROR SENDING MESSAGE TO CUSTOMER] for 2 bulk message"}
{"level":"error","message":"[ERROR SENDING MESSAGE TO CUSTOMER] for 2 bulk message"}
{"level":"error","message":"[ERROR SENDING MESSAGE TO CUSTOMER] for 2 bulk message"}
{"level":"error","message":"[ERROR SENDING MESSAGE TO CUSTOMER] for 2 bulk message"}
{"level":"error","message":"[ERROR SENDING MESSAGE TO CUSTOMER] for 2 bulk message"}
{"level":"error","message":"[ERROR SENDING MESSAGE TO CUSTOMER] for 2 bulk message"}
{"level":"error","message":"[ERROR SENDING MESSAGE TO CUSTOMER] for 2 bulk message"}
{"level":"error","message":"[ERROR SENDING MESSAGE TO CUSTOMER] for 2 bulk message"}
{"level":"error","message":"[ERROR SENDING MESSAGE TO CUSTOMER] for 2 bulk message"}
{"level":"error","message":"[ERROR SENDING MESSAGE TO CUSTOMER] for 2 bulk message"}
{"level":"error","message":"[ERROR SENDING MESSAGE TO CUSTOMER] for 2 bulk message"}
{"level":"error","message":"[ERROR SENDING MESSAGE TO CUSTOMER] for 2 bulk message"}
{"level":"error","message":"[ERROR SENDING MESSAGE TO CUSTOMER] for 2 bulk message"}
{"level":"error","message":"[ERROR SENDING MESSAGE TO CUSTOMER] for 2 bulk message"}
{"level":"error","message":"[ERROR SENDING MESSAGE TO CUSTOMER] for 2 bulk message"}
{"level":"error","message":"[ERROR SENDING MESSAGE TO CUSTOMER] for 2 bulk message"}
{"level":"error","message":"[ERROR SENDING MESSAGE TO CUSTOMER] for 2 bulk message"}
{"level":"error","message":"[ERROR SENDING MESSAGE TO CUSTOMER] for 2 bulk message"}
{"level":"error","message":"[ERROR SENDING MESSAGE TO CUSTOMER] for 2 bulk message"}
{"level":"error","message":"[ERROR SENDING MESSAGE TO CUSTOMER] for 2 bulk message"}
{"level":"error","message":"[ERROR SENDING MESSAGE TO CUSTOMER] for 2 bulk message"}
{"level":"error","message":"[ERROR SENDING MESSAGE TO CUSTOMER] for 2 bulk message"}
{"level":"error","message":"[ERROR SENDING MESSAGE TO CUSTOMER] for 2 bulk message"}
{"level":"error","message":"[ERROR SENDING MESSAGE TO CUSTOMER] for 2 bulk message"}
{"level":"error","message":"[ERROR SENDING MESSAGE TO CUSTOMER] for 2 bulk message"}
{"level":"error","message":"[ERROR SENDING MESSAGE TO CUSTOMER] for 2 bulk message"}
{"level":"error","message":"[ERROR SENDING MESSAGE TO CUSTOMER] for 2 bulk message"}
{"level":"error","message":"[ERROR SENDING MESSAGE TO CUSTOMER] for 2 bulk message"}
{"level":"error","message":"[ERROR SENDING MESSAGE TO CUSTOMER] for 2 bulk message"}
{"level":"error","message":"[ERROR SENDING MESSAGE TO CUSTOMER] for 2 bulk message"}
{"level":"error","message":"[ERROR SENDING MESSAGE TO CUSTOMER] for 2 bulk message"}
{"level":"error","message":"[ERROR SENDING MESSAGE TO CUSTOMER] for 2 bulk message"}
{"level":"error","message":"[ERROR SENDING MESSAGE TO CUSTOMER] for 2 bulk message"}
{"level":"error","message":"[ERROR SENDING MESSAGE TO CUSTOMER] for 2 bulk message"}
{"level":"error","message":"[ERROR SENDING MESSAGE TO CUSTOMER] for 2 bulk message"}
{"level":"error","message":"[ERROR SENDING MESSAGE TO CUSTOMER] for 2 bulk message"}
{"level":"error","message":"[ERROR SENDING MESSAGE TO CUSTOMER] for 2 bulk message"}
{"level":"error","message":"[ERROR SENDING MESSAGE TO CUSTOMER] for 2 bulk message"}
{"level":"error","message":"[ERROR SENDING MESSAGE TO CUSTOMER] for 2 bulk message"}
{"level":"error","message":"[ERROR SENDING MESSAGE TO CUSTOMER] for 2 bulk message"}
{"level":"error","message":"[ERROR SENDING MESSAGE TO CUSTOMER] for 2 bulk message"}
{"level":"error","message":"[ERROR SENDING MESSAGE TO CUSTOMER] for 2 bulk message"}
{"level":"error","message":"[ERROR SENDING MESSAGE TO CUSTOMER] for 2 bulk message"}
{"level":"error","message":"[ERROR SENDING MESSAGE TO CUSTOMER] for 2 bulk message"}
{"level":"error","message":"[ERROR SENDING MESSAGE TO CUSTOMER] for 2 bulk message"}
{"level":"error","message":"[ERROR SENDING MESSAGE TO CUSTOMER] for 2 bulk message"}
{"level":"error","message":"[ERROR SENDING MESSAGE TO CUSTOMER] for 2 bulk message"}
{"level":"error","message":"[ERROR SENDING MESSAGE TO CUSTOMER] for 2 bulk message"}
{"level":"error","message":"[ERROR SENDING MESSAGE TO CUSTOMER] for 2 bulk message"}
{"level":"error","message":"[ERROR SENDING MESSAGE TO CUSTOMER] for 2 bulk message"}
{"level":"error","message":"[ERROR SENDING MESSAGE TO CUSTOMER] for 2 bulk message"}
{"level":"error","message":"[ERROR SENDING MESSAGE TO CUSTOMER] for 2 bulk message"}
{"level":"error","message":"[ERROR SENDING MESSAGE TO CUSTOMER] for 2 bulk message"}
{"level":"error","message":"[ERROR SENDING MESSAGE TO CUSTOMER] for 2 bulk message"}
{"level":"error","message":"[ERROR SENDING MESSAGE TO CUSTOMER] for 2 bulk message"}
{"level":"error","message":"[ERROR SENDING MESSAGE TO CUSTOMER] for 2 bulk message"}
{"level":"error","message":"[ERROR SENDING MESSAGE TO CUSTOMER] for 2 bulk message"}
{"level":"error","message":"[ERROR SENDING MESSAGE TO CUSTOMER] for 2 bulk message"}
{"level":"error","message":"[ERROR SENDING MESSAGE TO CUSTOMER] for 2 bulk message"}
{"level":"error","message":"[ERROR SENDING MESSAGE TO CUSTOMER] for 2 bulk message"}
{"level":"error","message":"[ERROR SENDING MESSAGE TO CUSTOMER] for 2 bulk message"}
{"level":"error","message":"[ERROR SENDING MESSAGE TO CUSTOMER] for 2 bulk message"}
{"level":"error","message":"[ERROR SENDING MESSAGE TO CUSTOMER] for 2 bulk message"}
{"level":"error","message":"[ERROR SENDING MESSAGE TO CUSTOMER] for 2 bulk message"}
{"level":"error","message":"[ERROR SENDING MESSAGE TO CUSTOMER] for 2 bulk message"}
{"level":"error","message":"[ERROR SENDING MESSAGE TO CUSTOMER] for 2 bulk message"}
{"level":"error","message":"[ERROR SENDING MESSAGE TO CUSTOMER] for 2 bulk message"}
{"level":"error","message":"[ERROR SENDING MESSAGE TO CUSTOMER] for 2 bulk message"}
{"level":"error","message":"[ERROR SENDING MESSAGE TO CUSTOMER] for 2 bulk message"}
{"level":"error","message":"[ERROR SENDING MESSAGE TO CUSTOMER] for 2 bulk message"}
{"level":"error","message":"[ERROR SENDING MESSAGE TO CUSTOMER] for 2 bulk message"}
{"level":"error","message":"[ERROR SENDING MESSAGE TO CUSTOMER] for 2 bulk message"}
{"level":"error","message":"[ERROR SENDING MESSAGE TO CUSTOMER] for 2 bulk message"}
{"level":"error","message":"[ERROR SENDING MESSAGE TO CUSTOMER] for 2 bulk message"}
{"level":"error","message":"[ERROR SENDING MESSAGE TO CUSTOMER] for 2 bulk message"}
{"level":"error","message":"[ERROR SENDING MESSAGE TO CUSTOMER] for 2 bulk message"}
{"level":"error","message":"[ERROR SENDING MESSAGE TO CUSTOMER] for 2 bulk message"}
{"level":"error","message":"[ERROR SENDING MESSAGE TO CUSTOMER] for 2 bulk message"}
{"level":"error","message":"[ERROR SENDING MESSAGE TO CUSTOMER] for 2 bulk message"}
{"level":"error","message":"[ERROR SENDING MESSAGE TO CUSTOMER] for 2 bulk message"}
{"level":"error","message":"[ERROR SENDING MESSAGE TO CUSTOMER] for 2 bulk message"}
{"level":"error","message":"[ERROR SENDING MESSAGE TO CUSTOMER] for 2 bulk message"}
{"level":"error","message":"[ERROR SENDING MESSAGE TO CUSTOMER] for 2 bulk message"}
{"level":"error","message":"[ERROR SENDING MESSAGE TO CUSTOMER] for 2 bulk message"}
{"level":"error","message":"[ERROR SENDING MESSAGE TO CUSTOMER] for 2 bulk message"}
{"level":"error","message":"[ERROR SENDING MESSAGE TO CUSTOMER] for 2 bulk message"}
{"level":"error","message":"[ERROR SENDING MESSAGE TO CUSTOMER] for 2 bulk message"}
{"level":"error","message":"[ERROR SENDING MESSAGE TO CUSTOMER] for 2 bulk message"}
{"level":"error","message":"[ERROR SENDING MESSAGE TO CUSTOMER] for 2 bulk message"}
{"level":"error","message":"[ERROR SENDING MESSAGE TO CUSTOMER] for 2 bulk message"}
{"level":"error","message":"[ERROR SENDING MESSAGE TO CUSTOMER] for 2 bulk message"}
{"level":"error","message":"[ERROR SENDING MESSAGE TO CUSTOMER] for 2 bulk message"}
{"level":"error","message":"[ERROR SENDING MESSAGE TO CUSTOMER] for 2 bulk message"}
{"level":"error","message":"[ERROR SENDING MESSAGE TO CUSTOMER] for 2 bulk message"}
{"level":"error","message":"[ERROR SENDING MESSAGE TO CUSTOMER] for 2 bulk message"}
{"level":"error","message":"[ERROR SENDING MESSAGE TO CUSTOMER] for 2 bulk message"}
{"level":"error","message":"[ERROR SENDING MESSAGE TO CUSTOMER] for 2 bulk message"}
{"level":"error","message":"[ERROR SENDING MESSAGE TO CUSTOMER] for 2 bulk message"}
{"level":"error","message":"[ERROR SENDING MESSAGE TO CUSTOMER] for 2 bulk message"}
{"level":"error","message":"[ERROR SENDING MESSAGE TO CUSTOMER] for 2 bulk message"}
{"level":"error","message":"[ERROR SENDING MESSAGE TO CUSTOMER] for 2 bulk message"}
{"level":"error","message":"[ERROR SENDING MESSAGE TO CUSTOMER] for 2 bulk message"}
{"level":"error","message":"[ERROR SENDING MESSAGE TO CUSTOMER] for 2 bulk message"}
{"level":"error","message":"[ERROR SENDING MESSAGE TO CUSTOMER] for 2 bulk message"}
{"level":"error","message":"[ERROR SENDING MESSAGE TO CUSTOMER] for 2 bulk message"}
{"level":"error","message":"[ERROR SENDING MESSAGE TO CUSTOMER] for 2 bulk message"}
{"level":"error","message":"[ERROR SENDING MESSAGE TO CUSTOMER] for 2 bulk message"}
{"level":"error","message":"[ERROR SENDING MESSAGE TO CUSTOMER] for 2 bulk message"}
{"level":"error","message":"[ERROR SENDING MESSAGE TO CUSTOMER] for 2 bulk message"}
{"level":"error","message":"[ERROR SENDING MESSAGE TO CUSTOMER] for 2 bulk message"}
{"level":"error","message":"[ERROR SENDING MESSAGE TO CUSTOMER] for 2 bulk message"}
{"level":"error","message":"[ERROR SENDING MESSAGE TO CUSTOMER] for 2 bulk message"}
{"level":"error","message":"[ERROR SENDING MESSAGE TO CUSTOMER] for 2 bulk message"}
{"level":"error","message":"[ERROR SENDING MESSAGE TO CUSTOMER] for 2 bulk message"}
{"level":"error","message":"[ERROR SENDING MESSAGE TO CUSTOMER] for 2 bulk message"}
{"level":"error","message":"[ERROR SENDING MESSAGE TO CUSTOMER] for 2 bulk message"}
{"level":"error","message":"[ERROR SENDING MESSAGE TO CUSTOMER] for 2 bulk message"}
{"level":"error","message":"[ERROR SENDING MESSAGE TO CUSTOMER] for 2 bulk message"}
{"level":"error","message":"[ERROR SENDING MESSAGE TO CUSTOMER] for 2 bulk message"}
{"level":"error","message":"[ERROR SENDING MESSAGE TO CUSTOMER] for 2 bulk message"}
{"level":"error","message":"[ERROR SENDING MESSAGE TO CUSTOMER] for 2 bulk message"}
{"level":"error","message":"[ERROR SENDING MESSAGE TO CUSTOMER] for 2 bulk message"}
{"level":"error","message":"[ERROR SENDING MESSAGE TO CUSTOMER] for 2 bulk message"}
{"level":"error","message":"[ERROR SENDING MESSAGE TO CUSTOMER] for 2 bulk message"}
{"level":"error","message":"Could not update {}"}
{"level":"error","message":"Could not update {}"}
{"level":"error","message":"Could not update {}"}
{"level":"error","message":"[ERROR SENDING MESSAGE TO CUSTOMER] for 2 bulk message"}
{"level":"error","message":"[ERROR SENDING MESSAGE TO CUSTOMER] for 2 bulk message"}
{"level":"error","message":"[ERROR SENDING MESSAGE TO CUSTOMER] for 2 bulk message"}
{"level":"error","message":"[ERROR SENDING MESSAGE TO CUSTOMER] for 2 bulk message"}
{"level":"error","message":"[ERROR SENDING MESSAGE TO CUSTOMER] for 2 bulk message"}
{"level":"error","message":"[ERROR SENDING MESSAGE TO CUSTOMER] for 2 bulk message"}
{"level":"error","message":"[ERROR SENDING MESSAGE TO CUSTOMER] for 2 bulk message"}
{"level":"error","message":"[ERROR SENDING MESSAGE TO CUSTOMER] for 2 bulk message"}
{"level":"error","message":"[ERROR SENDING MESSAGE TO CUSTOMER] for 2 bulk message"}
{"level":"error","message":"[ERROR SENDING MESSAGE TO CUSTOMER] for 2 bulk message"}
{"level":"error","message":"[ERROR SENDING MESSAGE TO CUSTOMER] for 2 bulk message"}
{"level":"error","message":"[ERROR SENDING MESSAGE TO CUSTOMER] for 2 bulk message"}
{"level":"error","message":"[ERROR SENDING MESSAGE TO CUSTOMER] for 2 bulk message"}
{"level":"error","message":"[ERROR SENDING MESSAGE TO CUSTOMER] for 2 bulk message"}
{"level":"error","message":"[ERROR SENDING MESSAGE TO CUSTOMER] for 2 bulk message"}
{"level":"error","message":"[ERROR SENDING MESSAGE TO CUSTOMER] for 2 bulk message"}
{"level":"error","message":"[ERROR SENDING MESSAGE TO CUSTOMER] for 2 bulk message"}
{"level":"error","message":"[ERROR SENDING MESSAGE TO CUSTOMER] for 2 bulk message"}
{"level":"error","message":"[ERROR SENDING MESSAGE TO CUSTOMER] for 2 bulk message"}
{"level":"error","message":"[ERROR SENDING MESSAGE TO CUSTOMER] for 2 bulk message"}
{"level":"error","message":"[ERROR SENDING MESSAGE TO CUSTOMER] for 2 bulk message"}
{"level":"error","message":"[ERROR SENDING MESSAGE TO CUSTOMER] for 2 bulk message"}
{"level":"error","message":"[ERROR SENDING MESSAGE TO CUSTOMER] for 2 bulk message"}
{"level":"error","message":"[ERROR SENDING MESSAGE TO CUSTOMER] for 2 bulk message"}
{"level":"error","message":"[ERROR SENDING MESSAGE TO CUSTOMER] for 2 bulk message"}
{"level":"error","message":"[ERROR SENDING MESSAGE TO CUSTOMER] for 2 bulk message"}
{"level":"error","message":"[ERROR SENDING MESSAGE TO CUSTOMER] for 2 bulk message"}
{"level":"error","message":"[ERROR SENDING MESSAGE TO CUSTOMER] for 2 bulk message"}
{"level":"error","message":"[ERROR SENDING MESSAGE TO CUSTOMER] for 2 bulk message"}
{"level":"error","message":"[ERROR SENDING MESSAGE TO CUSTOMER] for 2 bulk message"}
{"level":"error","message":"[ERROR SENDING MESSAGE TO CUSTOMER] for 2 bulk message"}
{"level":"error","message":"[ERROR SENDING MESSAGE TO CUSTOMER] for 2 bulk message"}
{"level":"error","message":"[ERROR SENDING MESSAGE TO CUSTOMER] for 2 bulk message"}
{"level":"error","message":"[ERROR SENDING MESSAGE TO CUSTOMER] for 2 bulk message"}
{"level":"error","message":"[ERROR SENDING MESSAGE TO CUSTOMER] for 2 bulk message"}
{"level":"error","message":"[ERROR SENDING MESSAGE TO CUSTOMER] for 2 bulk message"}
{"level":"error","message":"[ERROR SENDING MESSAGE TO CUSTOMER] for 2 bulk message"}
{"level":"error","message":"[ERROR SENDING MESSAGE TO CUSTOMER] for 2 bulk message"}
{"level":"error","message":"[ERROR SENDING MESSAGE TO CUSTOMER] for 2 bulk message"}
{"level":"error","message":"[ERROR SENDING MESSAGE TO CUSTOMER] for 2 bulk message"}
{"level":"error","message":"[ERROR SENDING MESSAGE TO CUSTOMER] for 2 bulk message"}
{"level":"error","message":"[ERROR SENDING MESSAGE TO CUSTOMER] for 2 bulk message"}
{"level":"error","message":"[ERROR SENDING MESSAGE TO CUSTOMER] for 2 bulk message"}
{"level":"error","message":"[ERROR SENDING MESSAGE TO CUSTOMER] for 2 bulk message"}
{"level":"error","message":"[ERROR SENDING MESSAGE TO CUSTOMER] for 2 bulk message"}
{"level":"error","message":"[ERROR SENDING MESSAGE TO CUSTOMER] for 2 bulk message"}
{"level":"error","message":"[ERROR SENDING MESSAGE TO CUSTOMER] for 2 bulk message"}
{"level":"error","message":"[ERROR SENDING MESSAGE TO CUSTOMER] for 2 bulk message"}
{"level":"error","message":"[ERROR SENDING MESSAGE TO CUSTOMER] for 2 bulk message"}
{"level":"error","message":"[ERROR SENDING MESSAGE TO CUSTOMER] for 2 bulk message"}
{"level":"error","message":"[ERROR SENDING MESSAGE TO CUSTOMER] for 2 bulk message"}
{"level":"error","message":"[ERROR SENDING MESSAGE TO CUSTOMER] for 2 bulk message"}
{"level":"error","message":"[ERROR SENDING MESSAGE TO CUSTOMER] for 2 bulk message"}
{"level":"error","message":"[ERROR SENDING MESSAGE TO CUSTOMER] for 2 bulk message"}
{"level":"error","message":"[ERROR SENDING MESSAGE TO CUSTOMER] for 2 bulk message"}
{"level":"error","message":"[ERROR SENDING MESSAGE TO CUSTOMER] for 2 bulk message"}
{"level":"error","message":"ERROR CREATING OR GETTING CHAT FOR MERCHANT, Fri Jan 19 2024"}
{"level":"error","message":"[ERROR SENDING MESSAGE TO CUSTOMER] for 2"}
{"level":"error","message":"An error occured while creating product for 2 at 20/01/2024"}
{"level":"error","message":"An error occured while creating product for 2 at 20/01/2024"}
{"level":"error","message":"An error occured while creating product for 2 at 20/01/2024"}
{"level":"error","message":"[ERROR SENDING MESSAGE TO CUSTOMER] for 2 bulk message"}
{"level":"error","message":"[ERROR SENDING MESSAGE TO CUSTOMER] for 2 bulk message"}
{"level":"error","message":"[ERROR SENDING MESSAGE TO CUSTOMER] for 2 bulk message"}
{"level":"error","message":"[ERROR SENDING MESSAGE TO CUSTOMER] for 2 bulk message"}
{"level":"error","message":"[ERROR SENDING MESSAGE TO CUSTOMER] for 2 bulk message"}
{"level":"error","message":"[ERROR SENDING MESSAGE TO CUSTOMER] for 2 bulk message"}
{"level":"error","message":"[ERROR SENDING MESSAGE TO CUSTOMER] for 2 bulk message"}
{"level":"error","message":"[ERROR SENDING MESSAGE TO CUSTOMER] for 2 bulk message"}
{"level":"error","message":"[ERROR SENDING MESSAGE TO CUSTOMER] for 2 bulk message"}
{"level":"error","message":"[ERROR SENDING MESSAGE TO CUSTOMER] for 2 bulk message"}
{"level":"error","message":"[ERROR SENDING MESSAGE TO CUSTOMER] for 2 bulk message"}
{"level":"error","message":"[ERROR SENDING MESSAGE TO CUSTOMER] for 2 bulk message"}
{"level":"error","message":"[ERROR SENDING MESSAGE TO CUSTOMER] for 2 bulk message"}
{"level":"error","message":"[ERROR SENDING MESSAGE TO CUSTOMER] for 2 bulk message"}
{"level":"error","message":"[ERROR SENDING MESSAGE TO CUSTOMER] for 2 bulk message"}
{"level":"error","message":"[ERROR SENDING MESSAGE TO CUSTOMER] for 2 bulk message"}
{"level":"error","message":"[ERROR SENDING MESSAGE TO CUSTOMER] for 2 bulk message"}
{"level":"error","message":"[ERROR SENDING MESSAGE TO CUSTOMER] for 2 bulk message"}
{"level":"error","message":"[ERROR SENDING MESSAGE TO CUSTOMER] for 2 bulk message"}
{"level":"error","message":"[ERROR SENDING MESSAGE TO CUSTOMER] for 2 bulk message"}
{"level":"error","message":"[ERROR SENDING MESSAGE TO CUSTOMER] for 2 bulk message"}
{"level":"error","message":"[ERROR SENDING MESSAGE TO CUSTOMER] for 2 bulk message"}
{"level":"error","message":"[ERROR SENDING MESSAGE TO CUSTOMER] for 2 bulk message"}
{"level":"error","message":"[ERROR SENDING MESSAGE TO CUSTOMER] for 2 bulk message"}
{"level":"error","message":"[ERROR SENDING MESSAGE TO CUSTOMER] for 2 bulk message"}
{"level":"error","message":"[ERROR SENDING MESSAGE TO CUSTOMER] for 2 bulk message"}
{"level":"error","message":"[ERROR SENDING MESSAGE TO CUSTOMER] for 2 bulk message"}
{"level":"error","message":"[ERROR SENDING MESSAGE TO CUSTOMER] for 2 bulk message"}
{"level":"error","message":"[ERROR SENDING MESSAGE TO CUSTOMER] for 2 bulk message"}
{"level":"error","message":"[ERROR SENDING MESSAGE TO CUSTOMER] for 2 bulk message"}
{"level":"error","message":"[ERROR SENDING MESSAGE TO CUSTOMER] for 2 bulk message"}
{"level":"error","message":"[ERROR SENDING MESSAGE TO CUSTOMER] for 2 bulk message"}
{"level":"error","message":"[ERROR SENDING MESSAGE TO CUSTOMER] for 2 bulk message"}
{"level":"error","message":"[ERROR SENDING MESSAGE TO CUSTOMER] for 2 bulk message"}
{"level":"error","message":"[ERROR SENDING MESSAGE TO CUSTOMER] for 2 bulk message"}
{"level":"error","message":"[ERROR SENDING MESSAGE TO CUSTOMER] for 2 bulk message"}
{"level":"error","message":"[ERROR SENDING MESSAGE TO CUSTOMER] for 2 bulk message"}
{"level":"error","message":"[ERROR SENDING MESSAGE TO CUSTOMER] for 2 bulk message"}
{"level":"error","message":"[ERROR SENDING MESSAGE TO CUSTOMER] for 2 bulk message"}
{"level":"error","message":"[ERROR SENDING MESSAGE TO CUSTOMER] for 2 bulk message"}
{"level":"error","message":"[ERROR SENDING MESSAGE TO CUSTOMER] for 2 bulk message"}
{"level":"error","message":"[ERROR SENDING MESSAGE TO CUSTOMER] for 2 bulk message"}
{"level":"error","message":"[ERROR SENDING MESSAGE TO CUSTOMER] for 2"}
{"level":"error","message":"[ERROR SENDING MESSAGE TO CUSTOMER] for 2"}
{"level":"error","message":"[ERROR SENDING MESSAGE TO CUSTOMER] for 2"}
{"level":"error","message":"[ERROR SENDING MESSAGE TO CUSTOMER] for 2"}
{"level":"error","message":"update store for 2 failed 29/02/2024"}
{"level":"error","message":"[ERROR SENDING MESSAGE TO CUSTOMER] for 2"}
{"level":"error","message":"[ERROR SENDING MESSAGE TO CUSTOMER] for 2"}
{"level":"error","message":"[ERROR SENDING MESSAGE TO CUSTOMER] for 2"}
{"level":"error","message":"[ERROR SENDING MESSAGE TO CUSTOMER] for 2"}
{"level":"error","message":"[ERROR SENDING MESSAGE TO CUSTOMER] for 2"}
{"level":"error","message":"[ERROR SENDING MESSAGE TO CUSTOMER] for 2"}
{"level":"error","message":"[ERROR SENDING MESSAGE TO CUSTOMER] for 2"}
{"level":"error","message":"[ERROR SENDING MESSAGE TO CUSTOMER] for 2"}
{"level":"error","message":"[ERROR SENDING MESSAGE TO CUSTOMER] for 9"}
{"level":"error","message":"[ERROR SENDING MESSAGE TO CUSTOMER] for 9"}
{"level":"error","message":"[ERROR SENDING MESSAGE TO CUSTOMER] for 2"}
{"level":"error","message":"[ERROR SENDING MESSAGE TO CUSTOMER] for 9"}
{"level":"error","message":"[ERROR SENDING MESSAGE TO CUSTOMER] for 2"}
{"level":"error","message":"[ERROR SENDING MESSAGE TO CUSTOMER] for 2"}
{"level":"error","message":"[ERROR SENDING MESSAGE TO CUSTOMER] for 2"}
{"level":"error","message":"[ERROR SENDING MESSAGE TO CUSTOMER] for 2"}
{"level":"error","message":"[ERROR SENDING MESSAGE TO CUSTOMER] for 2"}
{"level":"error","message":"[ERROR SENDING MESSAGE TO CUSTOMER] for 2"}
{"level":"error","message":"[ERROR SENDING MESSAGE TO CUSTOMER] for 2"}
{"level":"error","message":"[ERROR SENDING MESSAGE TO CUSTOMER] for 2"}
{"level":"error","message":"ERROR CREATING OR GETTING CHAT FOR MERCHANT, Thu Mar 21 2024"}
{"level":"error","message":"[ERROR SENDING MESSAGE TO CUSTOMER] for 2"}
{"level":"error","message":"[ERROR SENDING MESSAGE TO CUSTOMER] for 2"}
{"level":"error","message":"[ERROR SENDING MESSAGE TO CUSTOMER] for 2"}
{"level":"error","message":"[ERROR SENDING MESSAGE TO CUSTOMER] for 2"}
{"level":"error","message":"[ERROR SENDING MESSAGE TO CUSTOMER] for 2"}
{"level":"error","message":"[ERROR SENDING MESSAGE TO CUSTOMER] for 2"}
{"level":"error","message":"[ERROR SENDING MESSAGE TO CUSTOMER] for 2"}
{"level":"error","message":"[ERROR SENDING MESSAGE TO CUSTOMER] for 2"}
{"level":"error","message":"[ERROR SENDING MESSAGE TO CUSTOMER] for 2"}
{"level":"error","message":"[ERROR SENDING MESSAGE TO CUSTOMER] for 2"}
{"level":"error","message":"[ERROR SENDING MESSAGE TO CUSTOMER] for 2"}
{"level":"error","message":"[ERROR SENDING MESSAGE TO CUSTOMER] for 2"}
{"level":"error","message":"[ERROR SENDING MESSAGE TO CUSTOMER] for 2"}
{"level":"error","message":"[ERROR SENDING MESSAGE TO CUSTOMER] for 2"}
{"level":"error","message":"[ERROR SENDING MESSAGE TO CUSTOMER] for 2"}
{"level":"error","message":"[ERROR SENDING MESSAGE TO CUSTOMER] for 2"}
{"level":"error","message":"[ERROR SENDING MESSAGE TO CUSTOMER] for 2"}
{"level":"error","message":"[ERROR SENDING MESSAGE TO CUSTOMER] for 2"}
{"level":"error","message":"[ERROR SENDING MESSAGE TO CUSTOMER] for 2"}
{"level":"error","message":"[ERROR SENDING MESSAGE TO CUSTOMER] for 2"}
{"level":"error","message":"[ERROR SENDING MESSAGE TO CUSTOMER] for 2"}
{"level":"error","message":"[ERROR SENDING MESSAGE TO CUSTOMER] for 2"}
{"level":"error","message":"[ERROR SENDING MESSAGE TO CUSTOMER] for 2"}
{"level":"error","message":"[ERROR SENDING MESSAGE TO CUSTOMER] for 2"}
{"level":"error","message":"[ERROR SENDING MESSAGE TO CUSTOMER] for 2"}
{"level":"error","message":"[ERROR SENDING MESSAGE TO CUSTOMER] for 2"}
{"level":"error","message":"[ERROR SENDING MESSAGE TO CUSTOMER] for 2"}
{"level":"error","message":"[ERROR SENDING MESSAGE TO CUSTOMER] for 2"}
{"level":"error","message":"[ERROR SENDING MESSAGE TO CUSTOMER] for 2"}
{"level":"error","message":"[ERROR SENDING MESSAGE TO CUSTOMER] for 2"}
{"level":"error","message":"[ERROR SENDING MESSAGE TO CUSTOMER] for 2"}
{"level":"error","message":"[ERROR SENDING MESSAGE TO CUSTOMER] for 2"}
{"level":"error","message":"[ERROR SENDING MESSAGE TO CUSTOMER] for 2"}
{"level":"error","message":"[ERROR SENDING MESSAGE TO CUSTOMER] for 2"}
{"level":"error","message":"[ERROR SENDING MESSAGE TO CUSTOMER] for 2"}
{"level":"error","message":"[ERROR SENDING MESSAGE TO CUSTOMER] for 2"}
{"level":"error","message":"[ERROR SENDING MESSAGE TO CUSTOMER] for 2"}
{"level":"error","message":"[ERROR SENDING MESSAGE TO CUSTOMER] for 2"}
{"level":"error","message":"[ERROR SENDING MESSAGE TO CUSTOMER] for 2"}
{"level":"error","message":"[ERROR SENDING MESSAGE TO CUSTOMER] for 2"}
{"level":"error","message":"[ERROR SENDING MESSAGE TO CUSTOMER] for 2"}
{"level":"error","message":"[ERROR SENDING MESSAGE TO CUSTOMER] for 2"}
{"level":"error","message":"[ERROR SENDING MESSAGE TO CUSTOMER] for 2"}
{"level":"error","message":"[ERROR SENDING MESSAGE TO CUSTOMER] for 2"}
{"level":"error","message":"[ERROR SENDING MESSAGE TO CUSTOMER] for 2"}
{"level":"error","message":"[ERROR SENDING MESSAGE TO CUSTOMER] for 2"}
{"level":"error","message":"[ERROR SENDING MESSAGE TO CUSTOMER] for 2"}
{"level":"error","message":"[ERROR SENDING MESSAGE TO CUSTOMER] for 2"}
{"level":"error","message":"[ERROR SENDING MESSAGE TO CUSTOMER] for 2"}
{"level":"error","message":"[ERROR SENDING MESSAGE TO CUSTOMER] for 2"}
{"level":"error","message":"[ERROR SENDING MESSAGE TO CUSTOMER] for 2"}
{"level":"error","message":"[ERROR SENDING MESSAGE TO CUSTOMER] for 2"}
{"level":"error","message":"[ERROR SENDING MESSAGE TO CUSTOMER] for 2"}
{"level":"error","message":"[ERROR SENDING MESSAGE TO CUSTOMER] for 2"}
{"level":"error","message":"[ERROR SENDING MESSAGE TO CUSTOMER] for 2"}
{"level":"error","message":"[ERROR SENDING MESSAGE TO CUSTOMER] for 2"}
{"level":"error","message":"[ERROR SENDING MESSAGE TO CUSTOMER] for 2"}
{"level":"error","message":"[ERROR SENDING MESSAGE TO CUSTOMER] for 2"}
{"level":"error","message":"[ERROR SENDING MESSAGE TO CUSTOMER] for 2"}
{"level":"error","message":"[ERROR SENDING MESSAGE TO CUSTOMER] for 2"}
{"level":"error","message":"[ERROR SENDING MESSAGE TO CUSTOMER] for 2"}
{"level":"error","message":"[ERROR SENDING MESSAGE TO CUSTOMER] for 2"}
{"level":"error","message":"[ERROR SENDING MESSAGE TO CUSTOMER] for 2"}
{"level":"error","message":"[ERROR SENDING MESSAGE TO CUSTOMER] for 2"}
{"level":"error","message":"[ERROR SENDING MESSAGE TO CUSTOMER] for 2"}
{"level":"error","message":"[ERROR SENDING MESSAGE TO CUSTOMER] for 2"}
{"level":"error","message":"[ERROR SENDING MESSAGE TO CUSTOMER] for 2"}
{"level":"error","message":"[ERROR SENDING MESSAGE TO CUSTOMER] for 2"}
{"level":"error","message":"[ERROR SENDING MESSAGE TO CUSTOMER] for 2"}
{"level":"error","message":"[ERROR SENDING MESSAGE TO CUSTOMER] for 2"}
{"level":"error","message":"[ERROR SENDING MESSAGE TO CUSTOMER] for 2"}
{"level":"error","message":"[ERROR SENDING MESSAGE TO CUSTOMER] for 2"}
{"level":"error","message":"[ERROR SENDING MESSAGE TO CUSTOMER] for 2"}
{"level":"error","message":"[ERROR SENDING MESSAGE TO CUSTOMER] for 2"}
{"level":"error","message":"[ERROR SENDING MESSAGE TO CUSTOMER] for 2"}
{"level":"error","message":"[ERROR SENDING MESSAGE TO CUSTOMER] for 2"}
{"level":"error","message":"[ERROR SENDING MESSAGE TO CUSTOMER] for 2"}
{"level":"error","message":"[ERROR SENDING MESSAGE TO CUSTOMER] for 2"}
{"level":"error","message":"[ERROR SENDING MESSAGE TO CUSTOMER] for 2"}
{"level":"error","message":"[ERROR SENDING MESSAGE TO CUSTOMER] for 2"}
{"level":"error","message":"[ERROR SENDING MESSAGE TO CUSTOMER] for 2"}
{"level":"error","message":"[ERROR SENDING MESSAGE TO CUSTOMER] for 2"}
{"level":"error","message":"[ERROR SENDING MESSAGE TO CUSTOMER] for 2"}
{"level":"error","message":"[ERROR SENDING MESSAGE TO CUSTOMER] for 2"}
{"level":"error","message":"[ERROR SENDING MESSAGE TO CUSTOMER] for 2"}
{"level":"error","message":"[ERROR SENDING MESSAGE TO CUSTOMER] for 2"}
{"level":"error","message":"[ERROR SENDING MESSAGE TO CUSTOMER] for 2"}
{"level":"error","message":"[ERROR SENDING MESSAGE TO CUSTOMER] for 2"}
{"level":"error","message":"[ERROR SENDING MESSAGE TO CUSTOMER] for 2"}
{"level":"error","message":"[ERROR SENDING MESSAGE TO CUSTOMER] for 2"}
{"level":"error","message":"[ERROR SENDING MESSAGE TO CUSTOMER] for 2"}
{"level":"error","message":"[ERROR SENDING MESSAGE TO CUSTOMER] for 2"}
{"level":"error","message":"[ERROR SENDING MESSAGE TO CUSTOMER] for 2"}
{"level":"error","message":"[ERROR SENDING MESSAGE TO CUSTOMER] for 2"}
{"level":"error","message":"[ERROR SENDING MESSAGE TO CUSTOMER] for 2"}
{"level":"error","message":"[ERROR SENDING MESSAGE TO CUSTOMER] for 2"}
{"level":"error","message":"[ERROR SENDING MESSAGE TO CUSTOMER] for 2"}
{"level":"error","message":"[ERROR SENDING MESSAGE TO CUSTOMER] for 2"}
{"level":"error","message":"[ERROR SENDING MESSAGE TO CUSTOMER] for 2"}
{"level":"error","message":"[ERROR SENDING MESSAGE TO CUSTOMER] for 2"}
{"level":"error","message":"[ERROR SENDING MESSAGE TO CUSTOMER] for 2"}
{"level":"error","message":"[ERROR SENDING MESSAGE TO CUSTOMER] for 2"}
{"level":"error","message":"[ERROR SENDING MESSAGE TO CUSTOMER] for 2"}
{"level":"error","message":"[ERROR SENDING MESSAGE TO CUSTOMER] for 2"}
{"level":"error","message":"[ERROR SENDING MESSAGE TO CUSTOMER] for 2"}
{"level":"error","message":"[ERROR SENDING MESSAGE TO CUSTOMER] for 2"}
{"level":"error","message":"[ERROR SENDING MESSAGE TO CUSTOMER] for 2"}
{"level":"error","message":"[ERROR SENDING MESSAGE TO CUSTOMER] for 2"}
{"level":"error","message":"[ERROR SENDING MESSAGE TO CUSTOMER] for 2"}
{"level":"error","message":"[ERROR SENDING MESSAGE TO CUSTOMER] for 2"}
{"level":"error","message":"[ERROR SENDING MESSAGE TO CUSTOMER] for 2"}
{"level":"error","message":"[ERROR SENDING MESSAGE TO CUSTOMER] for 2"}
{"level":"error","message":"[ERROR SENDING MESSAGE TO CUSTOMER] for 2"}
{"level":"error","message":"[ERROR SENDING MESSAGE TO CUSTOMER] for 2"}
{"level":"error","message":"[ERROR SENDING MESSAGE TO CUSTOMER] for 2"}
{"level":"error","message":"[ERROR SENDING MESSAGE TO CUSTOMER] for 2"}
{"level":"error","message":"[ERROR SENDING MESSAGE TO CUSTOMER] for 2"}
{"level":"error","message":"[ERROR SENDING MESSAGE TO CUSTOMER] for 2"}
{"level":"error","message":"[ERROR SENDING MESSAGE TO CUSTOMER] for 2"}
{"level":"error","message":"[ERROR SENDING MESSAGE TO CUSTOMER] for 2"}
{"level":"error","message":"[ERROR SENDING MESSAGE TO CUSTOMER] for 2"}
{"level":"error","message":"[ERROR SENDING MESSAGE TO CUSTOMER] for 2"}
{"level":"error","message":"[ERROR SENDING MESSAGE TO CUSTOMER] for 2 bulk message"}
{"level":"error","message":"[ERROR SENDING MESSAGE TO CUSTOMER] for 2 bulk message"}
{"level":"error","message":"[ERROR SENDING MESSAGE TO CUSTOMER] for 2 bulk message"}
{"level":"error","message":"[ERROR SENDING MESSAGE TO CUSTOMER] for 2 bulk message"}
{"level":"error","message":"[ERROR SENDING MESSAGE TO CUSTOMER] for 2 bulk message"}
{"level":"error","message":"[ERROR SENDING MESSAGE TO CUSTOMER] for 2 bulk message"}
{"level":"error","message":"[ERROR SENDING MESSAGE TO CUSTOMER] for 2 bulk message"}
{"level":"error","message":"[ERROR SENDING MESSAGE TO CUSTOMER] for 2 bulk message"}
{"level":"error","message":"[ERROR SENDING MESSAGE TO CUSTOMER] for 2 bulk message"}
{"level":"error","message":"[ERROR SENDING MESSAGE TO CUSTOMER] for 2 bulk message"}
{"level":"error","message":"[ERROR SENDING MESSAGE TO CUSTOMER] for 2 bulk message"}
{"level":"error","message":"[ERROR SENDING MESSAGE TO CUSTOMER] for 2 bulk message"}
{"level":"error","message":"[ERROR SENDING MESSAGE TO CUSTOMER] for 2 bulk message"}
{"level":"error","message":"[ERROR SENDING MESSAGE TO CUSTOMER] for 2 bulk message"}
{"level":"error","message":"[ERROR SENDING MESSAGE TO CUSTOMER] for 2 bulk message"}
{"level":"error","message":"[ERROR SENDING MESSAGE TO CUSTOMER] for 2 bulk message"}
{"level":"error","message":"[ERROR SENDING MESSAGE TO CUSTOMER] for 2 bulk message"}
{"level":"error","message":"[ERROR SENDING MESSAGE TO CUSTOMER] for 2 bulk message"}
{"level":"error","message":"[ERROR SENDING MESSAGE TO CUSTOMER] for 2 bulk message"}
{"level":"error","message":"[ERROR SENDING MESSAGE TO CUSTOMER] for 2 bulk message"}
{"level":"error","message":"[ERROR SENDING MESSAGE TO CUSTOMER] for 2 bulk message"}
{"level":"error","message":"[ERROR SENDING MESSAGE TO CUSTOMER] for 2 bulk message"}
{"level":"error","message":"[ERROR SENDING MESSAGE TO CUSTOMER] for 2 bulk message"}
{"level":"error","message":"[ERROR SENDING MESSAGE TO CUSTOMER] for 2 bulk message"}
{"level":"error","message":"[ERROR SENDING MESSAGE TO CUSTOMER] for 2 bulk message"}
{"level":"error","message":"[ERROR SENDING MESSAGE TO CUSTOMER] for 2 bulk message"}
{"level":"error","message":"[ERROR SENDING MESSAGE TO CUSTOMER] for 2 bulk message"}
{"level":"error","message":"[ERROR SENDING MESSAGE TO CUSTOMER] for 2 bulk message"}
{"level":"error","message":"[ERROR SENDING MESSAGE TO CUSTOMER] for 2 bulk message"}
{"level":"error","message":"[ERROR SENDING MESSAGE TO CUSTOMER] for 2 bulk message"}
{"level":"error","message":"[ERROR SENDING MESSAGE TO CUSTOMER] for 2 bulk message"}
{"level":"error","message":"[ERROR SENDING MESSAGE TO CUSTOMER] for 2 bulk message"}
{"level":"error","message":"[ERROR SENDING MESSAGE TO CUSTOMER] for 2 bulk message"}
{"level":"error","message":"[ERROR SENDING MESSAGE TO CUSTOMER] for 2 bulk message"}
{"level":"error","message":"[ERROR SENDING MESSAGE TO CUSTOMER] for 2 bulk message"}
{"level":"error","message":"[ERROR SENDING MESSAGE TO CUSTOMER] for 2 bulk message"}
{"level":"error","message":"[ERROR SENDING MESSAGE TO CUSTOMER] for 2 bulk message"}
{"level":"error","message":"[ERROR SENDING MESSAGE TO CUSTOMER] for 2 bulk message"}
{"level":"error","message":"[ERROR SENDING MESSAGE TO CUSTOMER] for 2 bulk message"}
{"level":"error","message":"[ERROR SENDING MESSAGE TO CUSTOMER] for 2 bulk message"}
{"level":"error","message":"[ERROR SENDING MESSAGE TO CUSTOMER] for 2 bulk message"}
{"level":"error","message":"[ERROR SENDING MESSAGE TO CUSTOMER] for 2 bulk message"}
{"level":"error","message":"[ERROR SENDING MESSAGE TO CUSTOMER] for 2 bulk message"}
{"level":"error","message":"[ERROR SENDING MESSAGE TO CUSTOMER] for 2 bulk message"}
{"level":"error","message":"[ERROR SENDING MESSAGE TO CUSTOMER] for 2 bulk message"}
{"level":"error","message":"[ERROR SENDING MESSAGE TO CUSTOMER] for 2 bulk message"}
{"level":"error","message":"[ERROR SENDING MESSAGE TO CUSTOMER] for 2 bulk message"}
{"level":"error","message":"[ERROR SENDING MESSAGE TO CUSTOMER] for 2 bulk message"}
{"level":"error","message":"[ERROR SENDING MESSAGE TO CUSTOMER] for 2 bulk message"}
{"level":"error","message":"[ERROR SENDING MESSAGE TO CUSTOMER] for 2 bulk message"}
{"level":"error","message":"[ERROR SENDING MESSAGE TO CUSTOMER] for 2 bulk message"}
{"level":"error","message":"[MPESA PAYMENT INITIATIO ERROR], {message: Request failed with status code 404, data: [object Object]}"}
{"level":"error","message":"[MPESA PAYMENT INITIATIO ERROR], {message: Request failed with status code 404, data: [object Object]}"}
{"level":"error","message":"[MPESA PAYMENT INITIATIO ERROR], {message: Request failed with status code 404, data: [object Object]}"}
{"level":"error","message":"[MPESA PAYMENT INITIATIO ERROR], {message: Request failed with status code 404, data: [object Object]}"}
{"level":"error","message":"[MPESA PAYMENT INITIATIO ERROR], {message: Request failed with status code 404, data: [object Object]}"}
{"level":"error","message":"[MPESA PAYMENT INITIATIO ERROR], {message: Request failed with status code 404, data: [object Object]}"}
{"level":"error","message":"[MPESA PAYMENT INITIATIO ERROR], {message: Request failed with status code 400, data: [object Object]}"}
{"level":"error","message":"[MPESA PAYMENT INITIATIO ERROR], {message: Request failed with status code 404, data: [object Object]}"}
{"level":"error","message":"[MPESA PAYMENT INITIATIO ERROR], {message: Request failed with status code 404, data: [object Object]}"}
{"level":"error","message":"[MPESA PAYMENT INITIATIO ERROR], {message: Request failed with status code 404, data: [object Object]}"}
{"level":"error","message":"[MPESA PAYMENT INITIATIO ERROR], {message: Request failed with status code 404, data: [object Object]}"}
{"level":"error","message":"[MPESA PAYMENT INITIATIO ERROR], {message: Request failed with status code 404, data: [object Object]}"}
{"level":"error","message":"[MPESA PAYMENT INITIATIO ERROR], {message: Request failed with status code 404, data: [object Object]}"}
{"level":"error","message":"[MPESA PAYMENT INITIATIO ERROR], {message: Request failed with status code 404, data: [object Object]}"}
{"level":"error","message":"[MPESA PAYMENT INITIATIO ERROR], {message: Request failed with status code 404, data: [object Object]}"}
{"level":"error","message":"[MPESA PAYMENT INITIATIO ERROR], {message: Request failed with status code 404, data: [object Object]}"}
{"level":"error","message":"[MPESA PAYMENT INITIATIO ERROR], {message: Request failed with status code 400, data: [object Object]}"}
{"level":"error","message":"[MPESA PAYMENT INITIATIO ERROR], {message: Request failed with status code 400, data: [object Object]}"}
{"level":"error","message":"[MPESA PAYMENT INITIATIO ERROR], {message: Request failed with status code 400, data: [object Object]}"}
{"level":"error","message":"[MPESA PAYMENT INITIATIO ERROR], {message: Request failed with status code 400, data: [object Object]}"}
{"level":"error","message":"[MPESA PAYMENT INITIATIO ERROR], {message: Request failed with status code 400, data: [object Object]}"}
{"level":"error","message":"[MPESA PAYMENT INITIATIO ERROR], {message: Request failed with status code 400, data: [object Object]}"}
{"level":"error","message":"[MPESA PAYMENT INITIATIO ERROR], {message: amount is not defined, data: undefined}"}
{"level":"error","message":"[MPESA PAYMENT INITIATIO ERROR], {message: Request failed with status code 500, data: [object Object]}"}
{"level":"error","message":"[MPESA PAYMENT INITIATIO ERROR], {message: , data: undefined}"}
{"level":"error","message":"[MPESA PAYMENT INITIATIO ERROR], {message: Request failed with status code 404, data: [object Object]}"}
{"level":"error","message":"[MPESA PAYMENT INITIATIO ERROR], {message: undefined, data: [object Object]}"}
{"level":"error","message":"[MPESA PAYMENT INITIATIO ERROR], {message: undefined, data: [object Object]}"}
{"level":"error","message":"[MPESA PAYMENT INITIATIO ERROR], {message: accountNumber is not defined, data: undefined}"}
{"level":"error","message":"[MPESA PAYMENT INITIATIO ERROR], {message: Request failed with status code 400, data: [object Object]}"}
{"level":"error","message":"[MPESA PAYMENT INITIATIO ERROR], {message: Request failed with status code 400, data: [object Object]}"}
{"level":"error","message":"[MPESA PAYMENT INITIATIO ERROR], {message: Request failed with status code 500, data: [object Object]}"}
{"level":"error","message":"[MPESA PAYMENT INITIATIO ERROR], {message: Request failed with status code 500, data: [object Object]}"}
{"level":"error","message":"[MPESA PAYMENT INITIATIO ERROR], {message: Request failed with status code 500, data: [object Object]}"}
{"level":"error","message":"[MPESA PAYMENT INITIATIO ERROR], {message: Request failed with status code 500, data: [object Object]}"}
{"level":"error","message":"[MPESA PAYMENT INITIATION ERROR], {message: Request failed with status code 500, data: [object Object]}"}
{"level":"error","message":"[MPESA PAYMENT INITIATION ERROR], {message: Request failed with status code 500, data: [object Object]}"}
{"level":"error","message":"[MPESA PAYMENT INITIATION ERROR], {message: Request failed with status code 500, data: [object Object]}"}
{"level":"error","message":"[MPESA PAYMENT INITIATION ERROR], {message: Request failed with status code 500, data: [object Object]}"}
{"level":"error","message":"[MPESA PAYMENT INITIATION ERROR], {message: Request failed with status code 500, data: [object Object]}"}
{"level":"error","message":"[MPESA PAYMENT INITIATION ERROR], {message: Request failed with status code 500, data: [object Object]}"}
{"level":"error","message":"[MPESA PAYMENT INITIATION ERROR], {message: Request failed with status code 500, data: [object Object]}"}
{"level":"error","message":"[MPESA PAYMENT INITIATION ERROR], {message: Request failed with status code 404, data: [object Object]}"}
{"level":"error","message":"[MPESA PAYMENT INITIATION ERROR], {message: Request failed with status code 404, data: [object Object]}"}
{"level":"error","message":"[MPESA PAYMENT INITIATION ERROR], {message: config is not defined, data: undefined}"}
{"level":"error","message":"[MPESA PAYMENT INITIATION ERROR], {message: Request failed with status code 404, data: [object Object]}"}
{"level":"error","message":"[MPESA PAYMENT INITIATION ERROR], {message: Request failed with status code 404, data: [object Object]}"}
{"level":"error","message":"An error occured while creating a discount promotion for 2 at 19/05/2024"}
{"level":"error","message":"An error occured while creating a discount promotion for 2 at 19/05/2024"}
{"level":"error","message":"An error occured while creating a discount promotion for 2 at 05:07:04 GMT+0300 (East Africa Time)"}
{"level":"error","message":"An error occured while creating a discount promotion for 2 at 05:08:07 GMT+0300 (East Africa Time)"}
{"level":"error","message":"An error occured while creating a discount promotion for 2 at 05:09:28 GMT+0300 (East Africa Time)"}
{"level":"error","message":"An error occured while creating a discount promotion for 2 at 05:19:31 GMT+0300 (East Africa Time)"}
{"level":"error","message":"An error occured while creating a discount promotion for 2 at 05:20:55 GMT+0300 (East Africa Time)"}
{"level":"error","message":"An error occured while creating a discount promotion for 2 at 05:23:36 GMT+0300 (East Africa Time)"}
{"level":"error","message":"An error occured while creating a discount promotion for 2 at 05:28:24 GMT+0300 (East Africa Time)"}
{"level":"error","message":"An error occured while creating a discount promotion for 2 at 05:30:35 GMT+0300 (East Africa Time)"}
{"level":"error","message":"An error occured while creating a discount promotion for 2 at 05:37:01 GMT+0300 (East Africa Time)"}
{"level":"error","message":"An error occured while creating a discount promotion for 2 at 05:43:20 GMT+0300 (East Africa Time)"}
{"level":"error","message":"An error occured while creating a discount promotion for 2 at 06:03:38 GMT+0300 (East Africa Time)"}
{"level":"error","message":"update promotin discount for 2 failed 06:23:58"}
{"level":"error","message":"update promotin discount for 2 failed 06:24:46"}
{"level":"error","message":"An error occured while creating a discount promotion for 2 at 14:51:22 GMT+0300 (East Africa Time)"}
{"level":"error","message":"An error occured while creating a discount promotion for 2 at 14:53:40 GMT+0300 (East Africa Time)"}
{"level":"error","message":"An error occured while creating a discount promotion for 2 at 15:04:35 GMT+0300 (East Africa Time)"}
{"level":"error","message":"An error occured while creating a discount promotion for 2 at 15:06:25 GMT+0300 (East Africa Time)"}
{"level":"error","message":"An error occured while creating a discount promotion for 2 at 15:14:48 GMT+0300 (East Africa Time)"}
{"level":"error","message":"update promotin discount for 2 failed 15:28:38"}
{"level":"error","message":"update promotin discount for 2 failed 15:29:25"}
{"level":"error","message":"update promotin discount for 2 failed 15:29:56"}
{"level":"error","message":"An error occured while creating a coupon promotion for 2 at 15:30:02 GMT+0300 (East Africa Time)"}
{"level":"error","message":"update promotin discount for 2 failed 15:31:01"}
{"level":"error","message":"update promotin discount for 2 failed 15:33:06"}
{"level":"error","message":"update promotin discount for 2 failed 15:42:43"}
{"level":"error","message":"update promotin discount for 2 failed 15:46:38"}
{"level":"error","message":"update promotin discount for 2 failed 15:47:23"}
{"level":"error","message":"update promotin discount for 2 failed 15:47:55"}
{"level":"error","message":"update promotin discount for 2 failed 15:37:43"}
{"level":"error","message":"[ERROR SENDING MESSAGE TO CUSTOMER] for 2"}
{"level":"error","message":"[ERROR SENDING MESSAGE TO CUSTOMER] for 2"}
{"level":"error","message":"[ERROR SENDING MESSAGE TO CUSTOMER] for 2 bulk message"}
{"level":"error","message":"[ERROR SENDING MESSAGE TO CUSTOMER] for 2 bulk message"}
{"level":"error","message":"[ERROR SENDING MESSAGE TO CUSTOMER] for 2 bulk message"}
{"level":"error","message":"[ERROR SENDING MESSAGE TO CUSTOMER] for 2 bulk message"}
{"level":"error","message":"[ERROR SENDING MESSAGE TO CUSTOMER] for 2 bulk message"}
{"level":"error","message":"[ERROR SENDING MESSAGE TO CUSTOMER] for 2 bulk message"}
{"level":"error","message":"[ERROR SENDING MESSAGE TO CUSTOMER] for 2 bulk message"}
{"level":"error","message":"An error occured while creating brand for 2 at 04/08/2024"}
{"level":"error","message":"An error occured while creating brand for 2 at 04/08/2024"}
{"level":"error","message":"An error occured while creating brand for 2 at 04/08/2024"}
{"level":"error","message":"An error occured while creating brand for 2 at 04/08/2024"}
{"level":"error","message":"An error occured while creating brand for 2 at 04/08/2024"}
{"level":"error","message":"An error occured while creating brand for 2 at 04/08/2024"}
{"level":"error","message":"An error occured while creating brand for 2 at 04/08/2024"}
{"level":"error","message":"An error occured while creating brand for 2 at 04/08/2024"}
{"level":"error","message":"An error occured while creating brand for 2 at 04/08/2024"}
{"level":"error","message":"An error occured while creating brand for 2 at 04/08/2024"}
{"level":"error","message":"[MPESA PAYMENT INITIATION ERROR], {message: Request failed with status code 404, data: [object Object]}"}
{"level":"error","message":"[MPESA PAYMENT INITIATION ERROR], {message: Request failed with status code 404, data: [object Object]}"}
{"level":"error","message":"[MPESA PAYMENT INITIATION ERROR], {message: Request failed with status code 404, data: [object Object]}"}
{"level":"error","message":"update mpesa for 2 failed 06/08/2024"}
{"level":"error","message":"update mpesa for 2 failed 06/08/2024"}
{"level":"error","message":"update mpesa for 2 failed 06/08/2024"}
{"level":"error","message":"update mpesa for 2 failed 08/08/2024"}
{"level":"error","message":"[ERROR SENDING MESSAGE TO CUSTOMER] for 2"}
{"level":"error","message":"[ERROR SENDING MESSAGE TO CUSTOMER] for 2"}
{"level":"error","message":"[ERROR SENDING MESSAGE TO CUSTOMER] for 2"}
{"level":"error","message":"[ERROR SENDING MESSAGE TO CUSTOMER] for 2"}
{"level":"error","message":"[ERROR SENDING MESSAGE TO CUSTOMER] for 2"}
{"level":"error","message":"[ERROR SENDING MESSAGE TO CUSTOMER] for 2"}
{"level":"error","message":"[ERROR SENDING MESSAGE TO CUSTOMER] for 2"}
{"level":"error","message":"[ERROR SENDING MESSAGE TO CUSTOMER] for 2"}
{"level":"error","message":"[ERROR SENDING MESSAGE TO CUSTOMER] for 2"}
{"level":"error","message":"[ERROR SENDING MESSAGE TO CUSTOMER] for 2"}
{"level":"error","message":"[ERROR SENDING MESSAGE TO CUSTOMER] for 2"}
{"level":"error","message":"[ERROR SENDING MESSAGE TO CUSTOMER] for 2"}
